2011-05-02 09:29:55 Warning: Warning (2): Cannot modify header information - headers already sent by (output started at C:\xampp\htdocs\cakep\app\controllers\users_controller.php:22) in [C:\xampp\htdocs\cakep\cake\libs\controller\controller.php, line 742]
2011-05-05 05:30:38 Warning: Warning (2): Cannot modify header information - headers already sent by (output started at C:\xampp\htdocs\cakep\app\controllers\users_controller.php:22) in [C:\xampp\htdocs\cakep\cake\libs\controller\controller.php, line 742]
2011-05-10 11:22:54 Warning: Warning (2): htmlentities() [<a href='http://php.net/function.htmlentities'>function.htmlentities</a>]: charset `i' not supported, assuming iso-8859-1 in [C:\xampp\htdocs\cakep\cake\libs\view\helpers\html.php, line 298]
2011-05-10 11:22:54 Warning: Warning (2): htmlentities() [<a href='http://php.net/function.htmlentities'>function.htmlentities</a>]: charset `i' not supported, assuming iso-8859-1 in [C:\xampp\htdocs\cakep\cake\libs\view\helpers\html.php, line 298]
2011-05-11 10:50:07 Warning: Warning (2): Cannot modify header information - headers already sent by (output started at C:\xampp\htdocs\cakep\cake\libs\debugger.php:673) in [C:\xampp\htdocs\cakep\cake\libs\controller\controller.php, line 742]
2011-05-11 11:48:54 Warning: Warning (2): mkdir() [<a href='http://php.net/function.mkdir'>function.mkdir</a>]: No such file or directory in [C:\xampp\htdocs\cakep\app\controllers\components\image.php, line 54]
2011-05-11 11:48:54 Warning: Warning (2): mkdir() [<a href='http://php.net/function.mkdir'>function.mkdir</a>]: No such file or directory in [C:\xampp\htdocs\cakep\app\controllers\components\image.php, line 55]
2011-05-11 11:48:54 Warning: Warning (2): imagejpeg() [<a href='http://php.net/function.imagejpeg'>function.imagejpeg</a>]: Unable to open 'img/sets/big/1305107334.jpg' for writing: No such file or directory in [C:\xampp\htdocs\cakep\app\controllers\components\image.php, line 225]
2011-05-11 11:48:54 Warning: Warning (2): imagejpeg() [<a href='http://php.net/function.imagejpeg'>function.imagejpeg</a>]: Unable to open 'img/sets/small/1305107334.jpg' for writing: No such file or directory in [C:\xampp\htdocs\cakep\app\controllers\components\image.php, line 176]
2011-05-11 11:50:27 Warning: Warning (2): mkdir() [<a href='http://php.net/function.mkdir'>function.mkdir</a>]: No such file or directory in [C:\xampp\htdocs\cakep\app\controllers\components\image.php, line 54]
2011-05-11 11:50:27 Warning: Warning (2): mkdir() [<a href='http://php.net/function.mkdir'>function.mkdir</a>]: No such file or directory in [C:\xampp\htdocs\cakep\app\controllers\components\image.php, line 55]
2011-05-11 11:50:27 Warning: Warning (2): imagejpeg() [<a href='http://php.net/function.imagejpeg'>function.imagejpeg</a>]: Unable to open 'img/sets/big/1305107427.jpg' for writing: No such file or directory in [C:\xampp\htdocs\cakep\app\controllers\components\image.php, line 225]
2011-05-11 11:50:27 Warning: Warning (2): imagejpeg() [<a href='http://php.net/function.imagejpeg'>function.imagejpeg</a>]: Unable to open 'img/sets/small/1305107427.jpg' for writing: No such file or directory in [C:\xampp\htdocs\cakep\app\controllers\components\image.php, line 176]
2011-05-11 11:53:47 Warning: Warning (2): mkdir() [<a href='http://php.net/function.mkdir'>function.mkdir</a>]: No such file or directory in [C:\xampp\htdocs\cakep\app\controllers\components\image.php, line 54]
2011-05-11 11:53:47 Warning: Warning (2): mkdir() [<a href='http://php.net/function.mkdir'>function.mkdir</a>]: No such file or directory in [C:\xampp\htdocs\cakep\app\controllers\components\image.php, line 55]
2011-05-11 11:53:47 Warning: Warning (2): imagejpeg() [<a href='http://php.net/function.imagejpeg'>function.imagejpeg</a>]: Unable to open 'img/sets/big/1305107627.jpg' for writing: No such file or directory in [C:\xampp\htdocs\cakep\app\controllers\components\image.php, line 225]
2011-05-11 11:53:48 Warning: Warning (2): imagejpeg() [<a href='http://php.net/function.imagejpeg'>function.imagejpeg</a>]: Unable to open 'img/sets/small/1305107627.jpg' for writing: No such file or directory in [C:\xampp\htdocs\cakep\app\controllers\components\image.php, line 176]
2011-05-11 11:59:55 Warning: Warning (2): mkdir() [<a href='http://php.net/function.mkdir'>function.mkdir</a>]: No such file or directory in [C:\xampp\htdocs\cakep\app\controllers\components\image.php, line 55]
2011-05-11 11:59:55 Warning: Warning (2): mkdir() [<a href='http://php.net/function.mkdir'>function.mkdir</a>]: No such file or directory in [C:\xampp\htdocs\cakep\app\controllers\components\image.php, line 56]
2011-05-11 11:59:56 Warning: Warning (2): imagejpeg() [<a href='http://php.net/function.imagejpeg'>function.imagejpeg</a>]: Unable to open 'img/sets/big/1305107995.jpg' for writing: No such file or directory in [C:\xampp\htdocs\cakep\app\controllers\components\image.php, line 226]
2011-05-11 11:59:56 Warning: Warning (2): imagejpeg() [<a href='http://php.net/function.imagejpeg'>function.imagejpeg</a>]: Unable to open 'img/sets/small/1305107995.jpg' for writing: No such file or directory in [C:\xampp\htdocs\cakep\app\controllers\components\image.php, line 177]
2011-05-11 12:01:23 Warning: Warning (2): mkdir() [<a href='http://php.net/function.mkdir'>function.mkdir</a>]: No such file or directory in [C:\xampp\htdocs\cakep\app\controllers\components\image.php, line 55]
2011-05-11 12:01:23 Warning: Warning (2): mkdir() [<a href='http://php.net/function.mkdir'>function.mkdir</a>]: No such file or directory in [C:\xampp\htdocs\cakep\app\controllers\components\image.php, line 56]
2011-05-11 12:01:24 Warning: Warning (2): imagejpeg() [<a href='http://php.net/function.imagejpeg'>function.imagejpeg</a>]: Unable to open 'img/sets/big/1305108083.jpg' for writing: No such file or directory in [C:\xampp\htdocs\cakep\app\controllers\components\image.php, line 229]
2011-05-11 12:01:24 Warning: Warning (2): imagejpeg() [<a href='http://php.net/function.imagejpeg'>function.imagejpeg</a>]: Unable to open 'img/sets/small/1305108083.jpg' for writing: No such file or directory in [C:\xampp\htdocs\cakep\app\controllers\components\image.php, line 180]
2011-05-11 12:02:06 Warning: Warning (2): mkdir() [<a href='http://php.net/function.mkdir'>function.mkdir</a>]: No such file or directory in [C:\xampp\htdocs\cakep\app\controllers\components\image.php, line 55]
2011-05-11 12:02:06 Warning: Warning (2): mkdir() [<a href='http://php.net/function.mkdir'>function.mkdir</a>]: No such file or directory in [C:\xampp\htdocs\cakep\app\controllers\components\image.php, line 56]
2011-05-11 12:02:06 Warning: Warning (2): imagejpeg() [<a href='http://php.net/function.imagejpeg'>function.imagejpeg</a>]: Unable to open 'img/sets/big/1305108126.jpg' for writing: No such file or directory in [C:\xampp\htdocs\cakep\app\controllers\components\image.php, line 230]
2011-05-11 12:02:06 Warning: Warning (2): imagejpeg() [<a href='http://php.net/function.imagejpeg'>function.imagejpeg</a>]: Unable to open 'img/sets/small/1305108126.jpg' for writing: No such file or directory in [C:\xampp\htdocs\cakep\app\controllers\components\image.php, line 181]
2011-05-11 12:03:56 Warning: Warning (2): chmod() [<a href='http://php.net/function.chmod'>function.chmod</a>]: No such file or directory in [C:\xampp\htdocs\cakep\app\controllers\components\image.php, line 53]
2011-05-11 12:05:35 Warning: Warning (2): chmod() [<a href='http://php.net/function.chmod'>function.chmod</a>]: No such file or directory in [C:\xampp\htdocs\cakep\app\controllers\components\image.php, line 53]
2011-05-11 12:05:56 Warning: Warning (2): mkdir() [<a href='http://php.net/function.mkdir'>function.mkdir</a>]: No such file or directory in [C:\xampp\htdocs\cakep\app\controllers\components\image.php, line 55]
2011-05-11 12:05:56 Warning: Warning (2): mkdir() [<a href='http://php.net/function.mkdir'>function.mkdir</a>]: No such file or directory in [C:\xampp\htdocs\cakep\app\controllers\components\image.php, line 56]
2011-05-11 12:05:56 Warning: Warning (2): imagejpeg() [<a href='http://php.net/function.imagejpeg'>function.imagejpeg</a>]: Unable to open 'img/sets/big/1305108356.jpg' for writing: No such file or directory in [C:\xampp\htdocs\cakep\app\controllers\components\image.php, line 226]
2011-05-11 12:05:57 Warning: Warning (2): imagejpeg() [<a href='http://php.net/function.imagejpeg'>function.imagejpeg</a>]: Unable to open 'img/sets/small/1305108356.jpg' for writing: No such file or directory in [C:\xampp\htdocs\cakep\app\controllers\components\image.php, line 177]
2011-05-11 12:06:17 Warning: Warning (2): imagejpeg() [<a href='http://php.net/function.imagejpeg'>function.imagejpeg</a>]: Unable to open 'img/sets/big/1305108376.jpg' for writing: No such file or directory in [C:\xampp\htdocs\cakep\app\controllers\components\image.php, line 226]
2011-05-11 12:06:17 Warning: Warning (2): imagejpeg() [<a href='http://php.net/function.imagejpeg'>function.imagejpeg</a>]: Unable to open 'img/sets/small/1305108376.jpg' for writing: No such file or directory in [C:\xampp\htdocs\cakep\app\controllers\components\image.php, line 177]
2011-05-11 12:16:58 Warning: Warning (2): copy(img/sets/1305109018.jpg) [<a href='http://php.net/function.copy'>function.copy</a>]: failed to open stream: No such file or directory in [C:\xampp\htdocs\cakep\app\controllers\components\image.php, line 79]
2011-05-11 14:04:00 Warning: Warning (4096): Object of class User could not be converted to string in [C:\xampp\htdocs\cakep\app\controllers\components\usercomponent.php, line 30]
2011-05-11 14:06:56 Warning: Warning (4096): Object of class User could not be converted to string in [C:\xampp\htdocs\cakep\app\controllers\components\usercomponent.php, line 30]
2011-05-11 14:07:38 Warning: Warning (4096): Object of class User could not be converted to string in [C:\xampp\htdocs\cakep\app\controllers\components\usercomponent.php, line 30]
2011-05-13 09:22:27 Warning: Warning (2): Cannot modify header information - headers already sent by (output started at C:\xampp\htdocs\cakep\cake\libs\debugger.php:673) in [C:\xampp\htdocs\cakep\cake\libs\controller\controller.php, line 742]
2011-05-16 09:59:00 Warning: Warning (512): <span style="color:Red;text-align:left"><b>SQL Error:</b> 1048: Column 'user_id' cannot be null</span> in [C:\xampp\htdocs\cakep\cake\libs\model\datasources\dbo_source.php, line 684]
2011-05-17 11:15:16 Warning: Warning (512): Method FormHelper::image does not exist in [C:\xampp\htdocs\drsmart\cake\libs\view\helper.php, line 154]
2011-05-17 11:15:16 Warning: Warning (512): Method FormHelper::image does not exist in [C:\xampp\htdocs\drsmart\cake\libs\view\helper.php, line 154]
2011-05-17 11:15:16 Warning: Warning (512): Method FormHelper::image does not exist in [C:\xampp\htdocs\drsmart\cake\libs\view\helper.php, line 154]
2011-05-17 11:15:16 Warning: Warning (512): Method FormHelper::image does not exist in [C:\xampp\htdocs\drsmart\cake\libs\view\helper.php, line 154]
2011-05-17 11:15:16 Warning: Warning (512): Method FormHelper::image does not exist in [C:\xampp\htdocs\drsmart\cake\libs\view\helper.php, line 154]
2011-05-17 11:15:16 Warning: Warning (512): Method FormHelper::image does not exist in [C:\xampp\htdocs\drsmart\cake\libs\view\helper.php, line 154]
2011-05-17 11:15:16 Warning: Warning (512): Method FormHelper::image does not exist in [C:\xampp\htdocs\drsmart\cake\libs\view\helper.php, line 154]
2011-05-17 11:15:16 Warning: Warning (512): Method FormHelper::image does not exist in [C:\xampp\htdocs\drsmart\cake\libs\view\helper.php, line 154]
2011-05-17 11:15:16 Warning: Warning (512): Method FormHelper::image does not exist in [C:\xampp\htdocs\drsmart\cake\libs\view\helper.php, line 154]
2011-05-17 11:15:16 Warning: Warning (512): Method FormHelper::image does not exist in [C:\xampp\htdocs\drsmart\cake\libs\view\helper.php, line 154]
2011-05-17 11:15:16 Warning: Warning (512): Method FormHelper::image does not exist in [C:\xampp\htdocs\drsmart\cake\libs\view\helper.php, line 154]
2011-05-17 11:15:17 Warning: Warning (512): Method FormHelper::image does not exist in [C:\xampp\htdocs\drsmart\cake\libs\view\helper.php, line 154]
2011-05-17 11:15:17 Warning: Warning (512): Method FormHelper::image does not exist in [C:\xampp\htdocs\drsmart\cake\libs\view\helper.php, line 154]
2011-05-17 11:15:17 Warning: Warning (512): Method FormHelper::image does not exist in [C:\xampp\htdocs\drsmart\cake\libs\view\helper.php, line 154]
2011-05-20 13:35:07 Warning: Warning (2): Missing argument 1 for pr(), called in C:\xampp\htdocs\drsmart\app\controllers\users_controller.php on line 91 and defined in [C:\xampp\htdocs\drsmart\cake\basics.php, line 353]
2011-05-26 01:09:20 Warning: Warning (2): mysql_connect() [<a href='http://php.net/function.mysql-connect'>function.mysql-connect</a>]: Access denied for user 'root'@'localhost' (using password: NO) in [/var/www/drsmart/cake/libs/model/datasources/dbo/dbo_mysql.php, line 561]
2011-05-26 01:09:20 Warning: Warning (2): mysql_select_db(): supplied argument is not a valid MySQL-Link resource in [/var/www/drsmart/cake/libs/model/datasources/dbo/dbo_mysql.php, line 567]
2011-05-26 01:09:20 Warning: Warning (2): mysql_get_server_info(): supplied argument is not a valid MySQL-Link resource in [/var/www/drsmart/cake/libs/model/datasources/dbo/dbo_mysql.php, line 575]
2011-05-26 01:09:20 Warning: Warning (2): mysql_query(): supplied argument is not a valid MySQL-Link resource in [/var/www/drsmart/cake/libs/model/datasources/dbo/dbo_mysql.php, line 609]
2011-05-26 01:09:20 Warning: Warning (2): Cannot modify header information - headers already sent by (output started at /var/www/drsmart/cake/libs/debugger.php:673) in [/var/www/drsmart/cake/libs/controller/controller.php, line 742]
2011-05-26 01:09:20 Warning: Warning (2): mysql_connect() [<a href='http://php.net/function.mysql-connect'>function.mysql-connect</a>]: Access denied for user 'root'@'localhost' (using password: NO) in [/var/www/drsmart/cake/libs/model/datasources/dbo/dbo_mysql.php, line 561]
2011-05-26 01:09:20 Warning: Warning (2): mysql_select_db(): supplied argument is not a valid MySQL-Link resource in [/var/www/drsmart/cake/libs/model/datasources/dbo/dbo_mysql.php, line 567]
2011-05-26 01:09:20 Warning: Warning (2): mysql_get_server_info(): supplied argument is not a valid MySQL-Link resource in [/var/www/drsmart/cake/libs/model/datasources/dbo/dbo_mysql.php, line 575]
2011-05-26 01:09:20 Warning: Warning (2): mysql_query(): supplied argument is not a valid MySQL-Link resource in [/var/www/drsmart/cake/libs/model/datasources/dbo/dbo_mysql.php, line 609]
2011-05-26 01:09:20 Warning: Warning (2): Cannot modify header information - headers already sent by (output started at /var/www/drsmart/cake/libs/debugger.php:673) in [/var/www/drsmart/cake/libs/controller/controller.php, line 742]
2011-05-26 05:01:08 Warning: Warning (2): Cannot modify header information - headers already sent by (output started at /var/www/drsmart/cake/libs/debugger.php:673) in [/var/www/drsmart/cake/libs/controller/controller.php, line 742]
2011-05-26 07:31:17 Warning: Warning (2): Cannot modify header information - headers already sent by (output started at /var/www/drsmart/cake/libs/debugger.php:673) in [/var/www/drsmart/cake/libs/controller/controller.php, line 742]
2011-05-26 07:39:54 Warning: Warning (2): Cannot modify header information - headers already sent by (output started at /var/www/drsmart/cake/libs/debugger.php:673) in [/var/www/drsmart/cake/libs/controller/controller.php, line 742]
2011-05-26 07:43:17 Warning: Warning (2): Cannot modify header information - headers already sent by (output started at /var/www/drsmart/cake/libs/debugger.php:673) in [/var/www/drsmart/cake/libs/controller/controller.php, line 742]
2011-05-26 07:45:33 Warning: Warning (2): Cannot modify header information - headers already sent by (output started at /var/www/drsmart/app/controllers/users_controller.php:46) in [/var/www/drsmart/cake/libs/controller/controller.php, line 742]
2011-05-26 07:46:33 Warning: Warning (2): Cannot modify header information - headers already sent by (output started at /var/www/drsmart/cake/basics.php:355) in [/var/www/drsmart/cake/libs/controller/controller.php, line 742]
2011-05-27 04:20:30 Warning: Warning (2): Cannot modify header information - headers already sent by (output started at /var/www/drsmart/cake/libs/debugger.php:673) in [/var/www/drsmart/cake/libs/controller/controller.php, line 742]
2011-05-27 04:26:55 Warning: Warning (2): Cannot modify header information - headers already sent by (output started at /var/www/drsmart/cake/basics.php:355) in [/var/www/drsmart/cake/libs/controller/controller.php, line 742]
2011-05-30 06:53:46 Warning: Warning (2): array_combine() [<a href='http://php.net/function.array-combine'>function.array-combine</a>]: Both parameters should have an equal number of elements in [/var/www/drsmart/cake/libs/controller/controller.php, line 760]
2011-05-30 06:54:14 Warning: Warning (2): array_combine() [<a href='http://php.net/function.array-combine'>function.array-combine</a>]: Both parameters should have an equal number of elements in [/var/www/drsmart/cake/libs/controller/controller.php, line 760]
2011-05-30 08:20:12 Warning: Warning (2): Illegal offset type in [/var/www/drsmart/app/controllers/users_controller.php, line 246]
2011-05-30 08:25:30 Warning: Warning (2): Cannot modify header information - headers already sent by (output started at /var/www/drsmart/cake/libs/debugger.php:673) in [/var/www/drsmart/cake/libs/controller/controller.php, line 742]
2011-06-01 02:07:23 Warning: Warning (512): <span style="color:Red;text-align:left"><b>SQL Error:</b> 1054: Unknown column 'User.user_id' in 'on clause'</span> in [/var/www/drsmart/cake/libs/model/datasources/dbo_source.php, line 684]
2011-06-01 02:07:23 Warning: Warning (512): <span style="color:Red;text-align:left"><b>SQL Error:</b> 1054: Unknown column 'User.user_id' in 'on clause'</span> in [/var/www/drsmart/cake/libs/model/datasources/dbo_source.php, line 684]
2011-06-01 02:08:17 Warning: Warning (512): <span style="color:Red;text-align:left"><b>SQL Error:</b> 1054: Unknown column 'Review.topic_id' in 'on clause'</span> in [/var/www/drsmart/cake/libs/model/datasources/dbo_source.php, line 684]
2011-06-01 02:08:18 Warning: Warning (512): <span style="color:Red;text-align:left"><b>SQL Error:</b> 1054: Unknown column 'Review.topic_id' in 'on clause'</span> in [/var/www/drsmart/cake/libs/model/datasources/dbo_source.php, line 684]
2011-06-01 02:08:47 Warning: Warning (512): <span style="color:Red;text-align:left"><b>SQL Error:</b> 1054: Unknown column 'User.user_id' in 'on clause'</span> in [/var/www/drsmart/cake/libs/model/datasources/dbo_source.php, line 684]
2011-06-01 02:08:47 Warning: Warning (512): <span style="color:Red;text-align:left"><b>SQL Error:</b> 1054: Unknown column 'User.user_id' in 'on clause'</span> in [/var/www/drsmart/cake/libs/model/datasources/dbo_source.php, line 684]
2011-06-01 02:29:23 Warning: Warning (512): <span style="color:Red;text-align:left"><b>SQL Error:</b> 1054: Unknown column 'Userprofile' in 'where clause'</span> in [/var/www/drsmart/cake/libs/model/datasources/dbo_source.php, line 684]
2011-06-01 02:30:32 Warning: Warning (512): <span style="color:Red;text-align:left"><b>SQL Error:</b> 1064: You have an error in your SQL syntax; check the manual that corresponds to your MySQL server version for the right syntax to use near 'order = ('asc')' at line 1</span> in [/var/www/drsmart/cake/libs/model/datasources/dbo_source.php, line 684]
2011-06-01 02:30:32 Warning: Warning (512): <span style="color:Red;text-align:left"><b>SQL Error:</b> 1064: You have an error in your SQL syntax; check the manual that corresponds to your MySQL server version for the right syntax to use near 'order = ('asc')    LIMIT 20' at line 1</span> in [/var/www/drsmart/cake/libs/model/datasources/dbo_source.php, line 684]
2011-06-01 02:31:10 Warning: Warning (512): <span style="color:Red;text-align:left"><b>SQL Error:</b> 1064: You have an error in your SQL syntax; check the manual that corresponds to your MySQL server version for the right syntax to use near 'order = ('asc')' at line 1</span> in [/var/www/drsmart/cake/libs/model/datasources/dbo_source.php, line 684]
2011-06-01 02:31:10 Warning: Warning (512): <span style="color:Red;text-align:left"><b>SQL Error:</b> 1064: You have an error in your SQL syntax; check the manual that corresponds to your MySQL server version for the right syntax to use near 'order = ('asc')    LIMIT 20' at line 1</span> in [/var/www/drsmart/cake/libs/model/datasources/dbo_source.php, line 684]
2011-06-01 02:31:49 Warning: Warning (512): <span style="color:Red;text-align:left"><b>SQL Error:</b> 1064: You have an error in your SQL syntax; check the manual that corresponds to your MySQL server version for the right syntax to use near 'order = ('asc')' at line 1</span> in [/var/www/drsmart/cake/libs/model/datasources/dbo_source.php, line 684]
2011-06-01 02:31:49 Warning: Warning (512): <span style="color:Red;text-align:left"><b>SQL Error:</b> 1064: You have an error in your SQL syntax; check the manual that corresponds to your MySQL server version for the right syntax to use near 'order = ('asc')    LIMIT 20' at line 1</span> in [/var/www/drsmart/cake/libs/model/datasources/dbo_source.php, line 684]
2011-06-01 02:32:13 Warning: Warning (512): <span style="color:Red;text-align:left"><b>SQL Error:</b> 1054: Unknown column 'limit' in 'where clause'</span> in [/var/www/drsmart/cake/libs/model/datasources/dbo_source.php, line 684]
2011-06-01 02:32:14 Warning: Warning (512): <span style="color:Red;text-align:left"><b>SQL Error:</b> 1054: Unknown column 'limit' in 'where clause'</span> in [/var/www/drsmart/cake/libs/model/datasources/dbo_source.php, line 684]
2011-06-01 02:34:46 Warning: Warning (512): <span style="color:Red;text-align:left"><b>SQL Error:</b> 1064: You have an error in your SQL syntax; check the manual that corresponds to your MySQL server version for the right syntax to use near 'order = ('asc')' at line 1</span> in [/var/www/drsmart/cake/libs/model/datasources/dbo_source.php, line 684]
2011-06-01 02:34:46 Warning: Warning (512): <span style="color:Red;text-align:left"><b>SQL Error:</b> 1064: You have an error in your SQL syntax; check the manual that corresponds to your MySQL server version for the right syntax to use near 'order = ('asc')    LIMIT 20' at line 1</span> in [/var/www/drsmart/cake/libs/model/datasources/dbo_source.php, line 684]
2011-06-01 02:35:16 Warning: Warning (512): <span style="color:Red;text-align:left"><b>SQL Error:</b> 1054: Unknown column 'limit' in 'where clause'</span> in [/var/www/drsmart/cake/libs/model/datasources/dbo_source.php, line 684]
2011-06-01 02:35:17 Warning: Warning (512): <span style="color:Red;text-align:left"><b>SQL Error:</b> 1054: Unknown column 'limit' in 'where clause'</span> in [/var/www/drsmart/cake/libs/model/datasources/dbo_source.php, line 684]
2011-06-01 02:36:42 Warning: Warning (512): <span style="color:Red;text-align:left"><b>SQL Error:</b> 1054: Unknown column 'page' in 'where clause'</span> in [/var/www/drsmart/cake/libs/model/datasources/dbo_source.php, line 684]
2011-06-01 02:36:42 Warning: Warning (512): <span style="color:Red;text-align:left"><b>SQL Error:</b> 1054: Unknown column 'page' in 'where clause'</span> in [/var/www/drsmart/cake/libs/model/datasources/dbo_source.php, line 684]
2011-06-01 02:37:37 Warning: Warning (512): <span style="color:Red;text-align:left"><b>SQL Error:</b> 1054: Unknown column 'page' in 'where clause'</span> in [/var/www/drsmart/cake/libs/model/datasources/dbo_source.php, line 684]
2011-06-01 02:37:37 Warning: Warning (512): <span style="color:Red;text-align:left"><b>SQL Error:</b> 1054: Unknown column 'page' in 'where clause'</span> in [/var/www/drsmart/cake/libs/model/datasources/dbo_source.php, line 684]
2011-06-01 02:39:30 Warning: Warning (512): <span style="color:Red;text-align:left"><b>SQL Error:</b> 1054: Unknown column 'page' in 'where clause'</span> in [/var/www/drsmart/cake/libs/model/datasources/dbo_source.php, line 684]
2011-06-01 02:39:30 Warning: Warning (512): <span style="color:Red;text-align:left"><b>SQL Error:</b> 1054: Unknown column 'page' in 'where clause'</span> in [/var/www/drsmart/cake/libs/model/datasources/dbo_source.php, line 684]
2011-06-01 02:39:58 Warning: Warning (512): <span style="color:Red;text-align:left"><b>SQL Error:</b> 1054: Unknown column 'limit' in 'where clause'</span> in [/var/www/drsmart/cake/libs/model/datasources/dbo_source.php, line 684]
2011-06-01 02:39:59 Warning: Warning (512): <span style="color:Red;text-align:left"><b>SQL Error:</b> 1054: Unknown column 'limit' in 'where clause'</span> in [/var/www/drsmart/cake/libs/model/datasources/dbo_source.php, line 684]
2011-06-01 06:33:41 Warning: Warning (512): <span style="color:Red;text-align:left"><b>SQL Error:</b> 1054: Unknown column 'b80bb7740288fda1f201890375a60c8f' in 'where clause'</span> in [/var/www/drsmart/cake/libs/model/datasources/dbo_source.php, line 684]
2011-06-01 06:47:01 Warning: Warning (512): <span style="color:Red;text-align:left"><b>SQL Error:</b> 1054: Unknown column 'b80bb7740288fda1f201890375a60c8f' in 'where clause'</span> in [/var/www/drsmart/cake/libs/model/datasources/dbo_source.php, line 684]
2011-06-01 06:47:57 Warning: Warning (512): <span style="color:Red;text-align:left"><b>SQL Error:</b> 1054: Unknown column 'b80bb7740288fda1f201890375a60c8f' in 'where clause'</span> in [/var/www/drsmart/cake/libs/model/datasources/dbo_source.php, line 684]
2011-06-01 06:49:11 Warning: Warning (512): <span style="color:Red;text-align:left"><b>SQL Error:</b> 1054: Unknown column 'b80bb7740288fda1f201890375a60c8f' in 'where clause'</span> in [/var/www/drsmart/cake/libs/model/datasources/dbo_source.php, line 684]
2011-06-01 06:50:13 Warning: Warning (512): <span style="color:Red;text-align:left"><b>SQL Error:</b> 1054: Unknown column 'b80bb7740288fda1f201890375a60c8f' in 'where clause'</span> in [/var/www/drsmart/cake/libs/model/datasources/dbo_source.php, line 684]
2011-06-01 07:06:27 Warning: Warning (512): <span style="color:Red;text-align:left"><b>SQL Error:</b> 1064: You have an error in your SQL syntax; check the manual that corresponds to your MySQL server version for the right syntax to use near '' at line 1</span> in [/var/www/drsmart/cake/libs/model/datasources/dbo_source.php, line 684]
2011-06-01 07:08:26 Warning: Warning (512): <span style="color:Red;text-align:left"><b>SQL Error:</b> 1064: You have an error in your SQL syntax; check the manual that corresponds to your MySQL server version for the right syntax to use near '' at line 1</span> in [/var/www/drsmart/cake/libs/model/datasources/dbo_source.php, line 684]
2011-06-01 07:09:00 Warning: Warning (512): <span style="color:Red;text-align:left"><b>SQL Error:</b> 1064: You have an error in your SQL syntax; check the manual that corresponds to your MySQL server version for the right syntax to use near '' at line 1</span> in [/var/www/drsmart/cake/libs/model/datasources/dbo_source.php, line 684]
2011-06-01 07:12:16 Warning: Warning (512): <span style="color:Red;text-align:left"><b>SQL Error:</b> 1064: You have an error in your SQL syntax; check the manual that corresponds to your MySQL server version for the right syntax to use near '' at line 1</span> in [/var/www/drsmart/cake/libs/model/datasources/dbo_source.php, line 684]
2011-06-01 07:13:18 Warning: Warning (512): <span style="color:Red;text-align:left"><b>SQL Error:</b> 1064: You have an error in your SQL syntax; check the manual that corresponds to your MySQL server version for the right syntax to use near '' at line 1</span> in [/var/www/drsmart/cake/libs/model/datasources/dbo_source.php, line 684]
2011-06-01 07:13:18 Warning: Warning (512): <span style="color:Red;text-align:left"><b>SQL Error:</b> 1064: You have an error in your SQL syntax; check the manual that corresponds to your MySQL server version for the right syntax to use near '' at line 1</span> in [/var/www/drsmart/cake/libs/model/datasources/dbo_source.php, line 684]
2011-06-01 07:13:46 Warning: Warning (512): <span style="color:Red;text-align:left"><b>SQL Error:</b> 1064: You have an error in your SQL syntax; check the manual that corresponds to your MySQL server version for the right syntax to use near '' at line 1</span> in [/var/www/drsmart/cake/libs/model/datasources/dbo_source.php, line 684]
2011-06-01 07:13:46 Warning: Warning (512): <span style="color:Red;text-align:left"><b>SQL Error:</b> 1064: You have an error in your SQL syntax; check the manual that corresponds to your MySQL server version for the right syntax to use near '' at line 1</span> in [/var/www/drsmart/cake/libs/model/datasources/dbo_source.php, line 684]
2011-06-01 07:14:24 Warning: Warning (512): <span style="color:Red;text-align:left"><b>SQL Error:</b> 1064: You have an error in your SQL syntax; check the manual that corresponds to your MySQL server version for the right syntax to use near '' at line 1</span> in [/var/www/drsmart/cake/libs/model/datasources/dbo_source.php, line 684]
2011-06-01 07:14:24 Warning: Warning (512): <span style="color:Red;text-align:left"><b>SQL Error:</b> 1064: You have an error in your SQL syntax; check the manual that corresponds to your MySQL server version for the right syntax to use near '' at line 1</span> in [/var/www/drsmart/cake/libs/model/datasources/dbo_source.php, line 684]
2011-06-01 07:21:27 Warning: Warning (512): <span style="color:Red;text-align:left"><b>SQL Error:</b> 1064: You have an error in your SQL syntax; check the manual that corresponds to your MySQL server version for the right syntax to use near '' at line 1</span> in [/var/www/drsmart/cake/libs/model/datasources/dbo_source.php, line 684]
2011-06-01 07:21:28 Warning: Warning (512): <span style="color:Red;text-align:left"><b>SQL Error:</b> 1064: You have an error in your SQL syntax; check the manual that corresponds to your MySQL server version for the right syntax to use near '' at line 1</span> in [/var/www/drsmart/cake/libs/model/datasources/dbo_source.php, line 684]
2011-06-01 07:25:12 Warning: Warning (512): <span style="color:Red;text-align:left"><b>SQL Error:</b> 1064: You have an error in your SQL syntax; check the manual that corresponds to your MySQL server version for the right syntax to use near '' at line 1</span> in [/var/www/drsmart/cake/libs/model/datasources/dbo_source.php, line 684]
2011-06-01 07:25:13 Warning: Warning (512): <span style="color:Red;text-align:left"><b>SQL Error:</b> 1064: You have an error in your SQL syntax; check the manual that corresponds to your MySQL server version for the right syntax to use near '' at line 1</span> in [/var/www/drsmart/cake/libs/model/datasources/dbo_source.php, line 684]
2011-06-01 07:59:30 Warning: Warning (2): Missing argument 1 for AdminsController::home() in [/var/www/drsmart/app/controllers/admins_controller.php, line 86]
2011-06-01 08:21:13 Warning: Warning (2): Cannot modify header information - headers already sent by (output started at /var/www/drsmart/cake/libs/debugger.php:673) in [/var/www/drsmart/cake/libs/controller/controller.php, line 742]
2011-06-01 08:21:56 Warning: Warning (2): Cannot modify header information - headers already sent by (output started at /var/www/drsmart/cake/libs/debugger.php:673) in [/var/www/drsmart/cake/libs/controller/controller.php, line 742]
2011-06-01 08:23:19 Warning: Warning (2): Cannot modify header information - headers already sent by (output started at /var/www/drsmart/cake/libs/debugger.php:673) in [/var/www/drsmart/cake/libs/controller/controller.php, line 742]
2011-06-01 08:25:48 Warning: Warning (2): Cannot modify header information - headers already sent by (output started at /var/www/drsmart/cake/libs/debugger.php:673) in [/var/www/drsmart/cake/libs/controller/controller.php, line 742]
2011-06-02 02:47:44 Warning: Warning (2): Cannot modify header information - headers already sent by (output started at /var/www/drsmart/cake/libs/debugger.php:673) in [/var/www/drsmart/cake/libs/controller/controller.php, line 742]
2011-06-02 05:37:06 Warning: Warning (512): <span style="color:Red;text-align:left"><b>SQL Error:</b> 1052: Column 'id' in where clause is ambiguous</span> in [/var/www/drsmart/cake/libs/model/datasources/dbo_source.php, line 684]
2011-06-02 05:41:55 Warning: Warning (2): Invalid argument supplied for foreach() in [/var/www/drsmart/cake/libs/model/model.php, line 535]
2011-06-02 05:41:55 Warning: Warning (512): <span style="color:Red;text-align:left"><b>SQL Error:</b> 1052: Column 'id' in on clause is ambiguous</span> in [/var/www/drsmart/cake/libs/model/datasources/dbo_source.php, line 684]
2011-06-02 05:43:11 Warning: Warning (512): <span style="color:Red;text-align:left"><b>SQL Error:</b> 1052: Column 'id' in where clause is ambiguous</span> in [/var/www/drsmart/cake/libs/model/datasources/dbo_source.php, line 684]
2011-06-02 04:19:44 Warning: Warning (512): <span style="color:Red;text-align:left"><b>SQL Error:</b> 1064: You have an error in your SQL syntax; check the manual that corresponds to your MySQL server version for the right syntax to use near 'id' at line 1</span> in [/var/www/drsmart/cake/libs/model/datasources/dbo_source.php, line 684]
2011-06-02 04:19:44 Warning: Warning (2): Cannot modify header information - headers already sent by (output started at /var/www/drsmart/cake/libs/debugger.php:673) in [/var/www/drsmart/cake/libs/controller/controller.php, line 742]
2011-06-03 02:09:15 Error: Fatal Error (256): ConnectionManager::getDataSource - Non-existent data source  in [/var/www/drsmart/cake/libs/model/connection_manager.php, line 102]
2011-06-03 03:14:17 Warning: Warning (4096): Object of class User could not be converted to string in [/var/www/drsmart/app/app_controller.php, line 90]
2011-06-03 03:15:45 Warning: Warning (4096): Object of class User could not be converted to string in [/var/www/drsmart/app/app_controller.php, line 90]
2011-06-03 03:16:11 Warning: Warning (4096): Object of class User could not be converted to string in [/var/www/drsmart/app/app_controller.php, line 90]
2011-06-03 03:16:23 Warning: Warning (4096): Object of class User could not be converted to string in [/var/www/drsmart/app/app_controller.php, line 90]
2011-06-03 03:18:57 Warning: Warning (4096): Object of class User could not be converted to string in [/var/www/drsmart/app/app_controller.php, line 90]
2011-06-03 03:19:23 Warning: Warning (4096): Object of class User could not be converted to string in [/var/www/drsmart/app/app_controller.php, line 90]
2011-06-03 03:20:14 Warning: Warning (4096): Object of class User could not be converted to string in [/var/www/drsmart/app/app_controller.php, line 90]
2011-06-03 03:21:49 Warning: Warning (4096): Object of class User could not be converted to string in [/var/www/drsmart/app/app_controller.php, line 90]
2011-06-03 03:21:59 Warning: Warning (4096): Object of class User could not be converted to string in [/var/www/drsmart/app/app_controller.php, line 90]
2011-06-06 03:45:19 Warning: Warning (2): Cannot modify header information - headers already sent by (output started at /var/www/drsmart/app/controllers/admins_controller.php:354) in [/var/www/drsmart/cake/libs/controller/controller.php, line 742]
2011-06-06 03:46:06 Warning: Warning (2): Cannot modify header information - headers already sent by (output started at /var/www/drsmart/app/controllers/admins_controller.php:354) in [/var/www/drsmart/cake/libs/controller/controller.php, line 742]
2011-06-06 03:46:29 Warning: Warning (2): Cannot modify header information - headers already sent by (output started at /var/www/drsmart/app/controllers/admins_controller.php:354) in [/var/www/drsmart/cake/libs/controller/controller.php, line 742]
2011-06-06 03:47:05 Warning: Warning (2): Cannot modify header information - headers already sent by (output started at /var/www/drsmart/app/controllers/admins_controller.php:355) in [/var/www/drsmart/cake/libs/controller/controller.php, line 742]
2011-06-16 06:06:23 Warning: Warning (2): Wrong parameter count for end() in [/var/www/drsmart/app/views/admins/config.ctp, line 11]
2011-07-07 07:22:55 Warning: Warning (512): <span style="color:Red;text-align:left"><b>SQL Error:</b> 1054: Unknown column 'quiz_question_masters.qid' in 'on clause'</span> in [/var/www/drsmart/cake/libs/model/datasources/dbo_source.php, line 684]
2011-07-07 07:28:13 Warning: Warning (512): <span style="color:Red;text-align:left"><b>SQL Error:</b> 1054: Unknown column 'quiz_question_masters.qid' in 'on clause'</span> in [/var/www/drsmart/cake/libs/model/datasources/dbo_source.php, line 684]
2011-07-07 07:31:13 Warning: Warning (512): <span style="color:Red;text-align:left"><b>SQL Error:</b> 1054: Unknown column 'quiz_answer_masters.question_id' in 'on clause'</span> in [/var/www/drsmart/cake/libs/model/datasources/dbo_source.php, line 684]
2011-07-07 07:32:48 Warning: Warning (512): <span style="color:Red;text-align:left"><b>SQL Error:</b> 1054: Unknown column 'quiz_question_masters.qid' in 'on clause'</span> in [/var/www/drsmart/cake/libs/model/datasources/dbo_source.php, line 684]
2011-07-07 07:42:42 Warning: Warning (512): <span style="color:Red;text-align:left"><b>SQL Error:</b> 1054: Unknown column 'quiz_question_masters.qid' in 'on clause'</span> in [/var/www/drsmart/cake/libs/model/datasources/dbo_source.php, line 684]
2011-07-07 07:46:26 Warning: Warning (512): <span style="color:Red;text-align:left"><b>SQL Error:</b> 1054: Unknown column 'quiz_question_masters.quiz_answer_masters.qid' in 'on clause'</span> in [/var/www/drsmart/cake/libs/model/datasources/dbo_source.php, line 684]
2011-07-13 02:38:37 Warning: Warning (512): <span style="color:Red;text-align:left"><b>SQL Error:</b> 1054: Unknown column 'quiz_question_masters.qid' in 'on clause'</span> in [/var/www/drsmart/cake/libs/model/datasources/dbo_source.php, line 684]
2011-07-13 03:01:38 Warning: Warning (512): <span style="color:Red;text-align:left"><b>SQL Error:</b> 1054: Unknown column 'quiz_answer_masters.quiz_answer_masters.qid' in 'field list'</span> in [/var/www/drsmart/cake/libs/model/datasources/dbo_source.php, line 684]
2011-07-13 03:01:38 Warning: Warning (2): Invalid argument supplied for foreach() in [/var/www/drsmart/cake/libs/model/datasources/dbo_source.php, line 1098]
2011-07-13 03:03:34 Warning: Warning (512): <span style="color:Red;text-align:left"><b>SQL Error:</b> 1054: Unknown column 'quiz_answer_masters.quiz_question_.question_id' in 'field list'</span> in [/var/www/drsmart/cake/libs/model/datasources/dbo_source.php, line 684]
2011-07-13 03:03:34 Warning: Warning (2): Invalid argument supplied for foreach() in [/var/www/drsmart/cake/libs/model/datasources/dbo_source.php, line 1098]
2011-07-13 03:06:36 Warning: Warning (512): <span style="color:Red;text-align:left"><b>SQL Error:</b> 1054: Unknown column 'quiz_answer_masters.quiz_question_masters.question_id' in 'on clause'</span> in [/var/www/drsmart/cake/libs/model/datasources/dbo_source.php, line 684]
2011-07-13 03:27:02 Warning: Warning (512): <span style="color:Red;text-align:left"><b>SQL Error:</b> 1054: Unknown column 'quiz_answer_masters.quiz_answer_masters.qid' in 'field list'</span> in [/var/www/drsmart/cake/libs/model/datasources/dbo_source.php, line 684]
2011-07-13 03:27:02 Warning: Warning (2): Invalid argument supplied for foreach() in [/var/www/drsmart/cake/libs/model/datasources/dbo_source.php, line 1098]
2011-07-13 03:28:30 Warning: Warning (512): <span style="color:Red;text-align:left"><b>SQL Error:</b> 1054: Unknown column 'quiz_question_masters.qid' in 'on clause'</span> in [/var/www/drsmart/cake/libs/model/datasources/dbo_source.php, line 684]
2011-07-13 03:29:44 Warning: Warning (512): <span style="color:Red;text-align:left"><b>SQL Error:</b> 1054: Unknown column 'quiz_question_masters.question_id' in 'where clause'</span> in [/var/www/drsmart/cake/libs/model/datasources/dbo_source.php, line 684]
2011-07-13 03:29:44 Warning: Warning (2): Invalid argument supplied for foreach() in [/var/www/drsmart/cake/libs/model/datasources/dbo_source.php, line 1098]
2011-07-13 03:30:01 Warning: Warning (512): <span style="color:Red;text-align:left"><b>SQL Error:</b> 1054: Unknown column 'quiz_question_masters.question_id' in 'where clause'</span> in [/var/www/drsmart/cake/libs/model/datasources/dbo_source.php, line 684]
2011-07-13 04:45:38 Warning: Warning (512): <span style="color:Red;text-align:left"><b>SQL Error:</b> 1064: You have an error in your SQL syntax; check the manual that corresponds to your MySQL server version for the right syntax to use near 'LIMIT 10' at line 1</span> in [/var/www/drsmart/cake/libs/model/datasources/dbo_source.php, line 684]
2011-07-13 05:20:07 Warning: Warning (512): <span style="color:Red;text-align:left"><b>SQL Error:</b> 1054: Unknown column 'conditions' in 'where clause'</span> in [/var/www/drsmart/cake/libs/model/datasources/dbo_source.php, line 684]
2011-07-13 05:22:20 Warning: Warning (512): <span style="color:Red;text-align:left"><b>SQL Error:</b> 1054: Unknown column 'quiz_question_masters' in 'where clause'</span> in [/var/www/drsmart/cake/libs/model/datasources/dbo_source.php, line 684]
2011-07-13 05:22:58 Warning: Warning (512): <span style="color:Red;text-align:left"><b>SQL Error:</b> 1054: Unknown column 'quiz_question_masters' in 'where clause'</span> in [/var/www/drsmart/cake/libs/model/datasources/dbo_source.php, line 684]
2011-07-13 05:24:02 Warning: Warning (512): <span style="color:Red;text-align:left"><b>SQL Error:</b> 1054: Unknown column 'quiz_question_masters' in 'where clause'</span> in [/var/www/drsmart/cake/libs/model/datasources/dbo_source.php, line 684]
2011-07-13 05:25:02 Warning: Warning (512): <span style="color:Red;text-align:left"><b>SQL Error:</b> 1054: Unknown column 'quiz_question_masters' in 'where clause'</span> in [/var/www/drsmart/cake/libs/model/datasources/dbo_source.php, line 684]
2011-07-13 05:25:58 Warning: Warning (512): <span style="color:Red;text-align:left"><b>SQL Error:</b> 1054: Unknown column 'limit' in 'where clause'</span> in [/var/www/drsmart/cake/libs/model/datasources/dbo_source.php, line 684]
2011-07-13 05:38:41 Warning: Warning (512): <span style="color:Red;text-align:left"><b>SQL Error:</b> 1054: Unknown column 'quiz_question_masters' in 'where clause'</span> in [/var/www/drsmart/cake/libs/model/datasources/dbo_source.php, line 684]
2011-07-13 05:41:18 Warning: Warning (512): <span style="color:Red;text-align:left"><b>SQL Error:</b> 1064: You have an error in your SQL syntax; check the manual that corresponds to your MySQL server version for the right syntax to use near 'paginate' at line 1</span> in [/var/www/drsmart/cake/libs/model/datasources/dbo_source.php, line 684]
2011-07-13 05:45:38 Warning: Warning (512): <span style="color:Red;text-align:left"><b>SQL Error:</b> 1054: Unknown column 'quiz_question_masters' in 'where clause'</span> in [/var/www/drsmart/cake/libs/model/datasources/dbo_source.php, line 684]
2011-07-13 05:47:11 Warning: Warning (512): <span style="color:Red;text-align:left"><b>SQL Error:</b> 1054: Unknown column 'conditions' in 'where clause'</span> in [/var/www/drsmart/cake/libs/model/datasources/dbo_source.php, line 684]
2011-07-13 05:48:48 Warning: Warning (512): <span style="color:Red;text-align:left"><b>SQL Error:</b> 1064: You have an error in your SQL syntax; check the manual that corresponds to your MySQL server version for the right syntax to use near 'paginate' at line 1</span> in [/var/www/drsmart/cake/libs/model/datasources/dbo_source.php, line 684]
2011-07-13 05:53:41 Warning: Warning (512): Controller::paginate() - can't find model Recipe in controller UsersController in [/var/www/drsmart/cake/libs/controller/controller.php, line 1102]
2011-07-13 05:53:41 Warning: Warning (512): <span style="color:Red;text-align:left"><b>SQL Error:</b> 1054: Unknown column 'Recipe.title' in 'where clause'</span> in [/var/www/drsmart/cake/libs/model/datasources/dbo_source.php, line 684]
2011-07-13 06:08:25 Warning: Warning (512): <span style="color:Red;text-align:left"><b>SQL Error:</b> 1054: Unknown column 'conditions' in 'where clause'</span> in [/var/www/drsmart/cake/libs/model/datasources/dbo_source.php, line 684]
2011-07-13 06:15:50 Warning: Warning (512): <span style="color:Red;text-align:left"><b>SQL Error:</b> 1054: Unknown column 'conditions' in 'where clause'</span> in [/var/www/drsmart/cake/libs/model/datasources/dbo_source.php, line 684]
2011-07-13 06:35:37 Warning: Warning (512): Controller::paginate() - can't find model 1 in controller UsersController in [/var/www/drsmart/cake/libs/controller/controller.php, line 1102]
2011-07-13 06:37:54 Warning: Warning (512): <span style="color:Red;text-align:left"><b>SQL Error:</b> 1054: Unknown column 'quiz_question_masters.cat_id' in 'where clause'</span> in [/var/www/drsmart/cake/libs/model/datasources/dbo_source.php, line 684]
2011-07-13 06:40:18 Warning: Warning (512): <span style="color:Red;text-align:left"><b>SQL Error:</b> 1054: Unknown column 'quiz_question_masters.cat_id' in 'where clause'</span> in [/var/www/drsmart/cake/libs/model/datasources/dbo_source.php, line 684]
2011-07-13 08:01:21 Warning: Warning (512): <span style="color:Red;text-align:left"><b>SQL Error:</b> 1064: You have an error in your SQL syntax; check the manual that corresponds to your MySQL server version for the right syntax to use near 'DISTINCT `quiz_question_masters`.`question_text`, `quiz_answer_masters`.`answer_' at line 1</span> in [/var/www/drsmart/cake/libs/model/datasources/dbo_source.php, line 684]
2011-07-18 05:16:55 Warning: Warning (512): <span style="color:Red;text-align:left"><b>SQL Error:</b> 1054: Unknown column 'quiz_question_masters.question_id' in 'where clause'</span> in [/var/www/drsmart/cake/libs/model/datasources/dbo_source.php, line 684]
2011-07-26 02:41:58 Warning: Warning (2): Cannot modify header information - headers already sent by (output started at /var/www/drsmarts/app/controllers/admins_controller.php:27) in [/var/www/drsmarts/cake/libs/controller/controller.php, line 742]
